<?xml version="1.0" encoding="UTF-8"?>
<!-- Generated by org.testng.reporters.JUnitReportReporter -->
<testsuite hostname="LPT-0919" failures="0" tests="2" name="com.ae.qa.testcasesTenantAdmin.UserGroupsPageTestTA" time="39.082" errors="0" timestamp="09 Apr 2021 10:20:00 GMT" skipped="0">
  <testcase classname="com.ae.qa.testcasesTenantAdmin.UserGroupsPageTestTA" name="validateCreateUserGroup" time="21.152"/>
  <testcase classname="com.ae.qa.testcasesTenantAdmin.UserGroupsPageTestTA" name="validateDeleteUserGroup" time="17.930"/>
</testsuite> <!-- com.ae.qa.testcasesTenantAdmin.UserGroupsPageTestTA -->
