<?xml version="1.0" encoding="UTF-8"?>
<!-- Generated by org.testng.reporters.JUnitReportReporter -->
<testsuite skipped="0" hostname="DESKTOP-96U8LI5" name="com.ae.qa.testcases.PluginsPageTest" tests="1" failures="0" timestamp="16 Feb 2021 06:32:54 GMT" time="237.641" errors="0">
  <testcase name="validateUploadPluginsTest" time="237.641" classname="com.ae.qa.testcases.PluginsPageTest"/>
</testsuite> <!-- com.ae.qa.testcases.PluginsPageTest -->
