<?xml version="1.0" encoding="UTF-8"?>
<!-- Generated by org.testng.reporters.JUnitReportReporter -->
<testsuite skipped="0" hostname="DESKTOP-96U8LI5" name="com.ae.qa.testcases.PurgePolicyPageTest" tests="2" failures="0" timestamp="16 Feb 2021 09:14:21 GMT" time="270.922" errors="0">
  <testcase name="validatePurgePolicyDurationTest" time="205.922" classname="com.ae.qa.testcases.PurgePolicyPageTest"/>
  <testcase name="validateUpdatePurgePolicyEntityTest" time="65.000" classname="com.ae.qa.testcases.PurgePolicyPageTest"/>
</testsuite> <!-- com.ae.qa.testcases.PurgePolicyPageTest -->
