<?xml version="1.0" encoding="UTF-8"?>
<!-- Generated by org.testng.reporters.JUnitReportReporter -->
<testsuite hostname="LPT-0919" failures="0" tests="3" name="com.ae.qa.testcases.PluginAssignmentsPageTest" time="80.107" errors="0" timestamp="02 Jul 2021 12:08:07 GMT" skipped="0">
  <testcase classname="com.ae.qa.testcases.PluginAssignmentsPageTest" name="validateAssignTenantSinglePluginTest" time="28.696"/>
  <testcase classname="com.ae.qa.testcases.PluginAssignmentsPageTest" name="validateAssignTenantMultiplePluginsTest" time="26.877"/>
  <testcase classname="com.ae.qa.testcases.PluginAssignmentsPageTest" name="validateAssignTenantAllPluginsTest" time="24.534"/>
</testsuite> <!-- com.ae.qa.testcases.PluginAssignmentsPageTest -->
