<?xml version="1.0" encoding="UTF-8"?>
<!-- Generated by org.testng.reporters.JUnitReportReporter -->
<testsuite hostname="LPT-0919" failures="0" tests="2" name="com.ae.qa.testcasesTenantAdmin.InformationPageTestTA" time="50.870" errors="0" timestamp="09 Apr 2021 10:56:30 GMT" skipped="0">
  <testcase classname="com.ae.qa.testcasesTenantAdmin.InformationPageTestTA" name="validateSetTenantLogo" time="33.310"/>
  <testcase classname="com.ae.qa.testcasesTenantAdmin.InformationPageTestTA" name="validateRemoveTenantLogo" time="17.560"/>
</testsuite> <!-- com.ae.qa.testcasesTenantAdmin.InformationPageTestTA -->
