<?xml version="1.0" encoding="UTF-8"?>
<!-- Generated by org.testng.reporters.JUnitReportReporter -->
<testsuite hostname="LPT-0919" failures="0" tests="1" name="com.ae.qa.testcasesTenantAdmin.LicenseDetailsPageTestTA" time="16.600" errors="0" timestamp="09 Apr 2021 07:02:08 GMT" skipped="0">
  <testcase classname="com.ae.qa.testcasesTenantAdmin.LicenseDetailsPageTestTA" name="validateSelectAllColumnsTest" time="16.600"/>
</testsuite> <!-- com.ae.qa.testcasesTenantAdmin.LicenseDetailsPageTestTA -->
