<?xml version="1.0" encoding="UTF-8"?>
<!-- Generated by org.testng.reporters.JUnitReportReporter -->
<testsuite hostname="LPT-0919" failures="0" tests="1" name="com.ae.qa.testcases.SystemSettingsPageTest" time="15.979" errors="0" timestamp="14 Jul 2021 05:06:30 GMT" skipped="0">
  <testcase classname="com.ae.qa.testcases.SystemSettingsPageTest" name="validateServerUrlTest" time="15.979"/>
</testsuite> <!-- com.ae.qa.testcases.SystemSettingsPageTest -->
