<?xml version="1.0" encoding="UTF-8"?>
<!-- Generated by org.testng.reporters.JUnitReportReporter -->
<testsuite hostname="LPT-0919" failures="0" tests="1" name="com.ae.qa.testcasesTenantAdmin.TenantPolicyPageTestTA" time="47.388" errors="0" timestamp="23 Apr 2021 12:59:54 GMT" skipped="0">
  <testcase classname="com.ae.qa.testcasesTenantAdmin.TenantPolicyPageTestTA" name="validateTenantLoginTest" time="47.388"/>
</testsuite> <!-- com.ae.qa.testcasesTenantAdmin.TenantPolicyPageTestTA -->
