<?xml version="1.0" encoding="UTF-8"?>
<!-- Generated by org.testng.reporters.JUnitReportReporter -->
<testsuite hostname="LPT-0919" failures="0" tests="1" name="com.ae.qa.testcases.LoginPageTest" time="4.574" errors="0" timestamp="08 Jul 2021 08:47:52 GMT" skipped="0">
  <testcase classname="com.ae.qa.testcases.LoginPageTest" name="validateForgotPswdTest" time="4.574"/>
</testsuite> <!-- com.ae.qa.testcases.LoginPageTest -->
