<?xml version="1.0" encoding="UTF-8"?>
<!-- Generated by org.testng.reporters.JUnitReportReporter -->
<testsuite hostname="LPT-0919" failures="0" tests="5" name="com.ae.qa.testcases.AuditLogsPageTest" time="94.360" errors="0" timestamp="29 Jun 2021 06:24:48 GMT" skipped="0">
  <testcase classname="com.ae.qa.testcases.AuditLogsPageTest" name="validatedownloadingAuditLogs" time="26.187"/>
  <testcase classname="com.ae.qa.testcases.AuditLogsPageTest" name="validatecheckColumnsInAuditLogs" time="15.345"/>
  <testcase classname="com.ae.qa.testcases.AuditLogsPageTest" name="validatedeselectAllInAuditLogs" time="15.935"/>
  <testcase classname="com.ae.qa.testcases.AuditLogsPageTest" name="verifySpecificColumnTest" time="16.942"/>
  <testcase classname="com.ae.qa.testcases.AuditLogsPageTest" name="verifycheckLogsTest" time="19.951"/>
</testsuite> <!-- com.ae.qa.testcases.AuditLogsPageTest -->
