<?xml version="1.0" encoding="UTF-8"?>
<!-- Generated by org.testng.reporters.JUnitReportReporter -->
<testsuite hostname="LPT-0919" failures="0" tests="1" name="com.ae.qa.testcasesTenantAdmin.SchedulerPageTestTA" time="59.923" errors="0" timestamp="15 Apr 2021 12:09:33 GMT" skipped="0">
  <testcase classname="com.ae.qa.testcasesTenantAdmin.SchedulerPageTestTA" name="validateDailyScheduleTest" time="59.923"/>
</testsuite> <!-- com.ae.qa.testcasesTenantAdmin.SchedulerPageTestTA -->
