<?xml version="1.0" encoding="UTF-8"?>
<!-- Generated by org.testng.reporters.JUnitReportReporter -->
<testsuite hostname="LPT-0919" failures="0" tests="1" name="com.ae.qa.testcasesTenantAdmin.DataSourcesPageTestTA" time="50.962" errors="0" timestamp="14 Apr 2021 06:08:25 GMT" skipped="0">
  <testcase classname="com.ae.qa.testcasesTenantAdmin.DataSourcesPageTestTA" name="ValidateConfigDataSource" time="50.962"/>
</testsuite> <!-- com.ae.qa.testcasesTenantAdmin.DataSourcesPageTestTA -->
