<?xml version="1.0" encoding="UTF-8"?>
<!-- Generated by org.testng.reporters.JUnitReportReporter -->
<testsuite hostname="LPT-0919" failures="0" tests="1" name="com.ae.qa.testcasesTenantAdmin.WorkflowListPageTestTA" time="22.808" errors="0" timestamp="15 Apr 2021 09:07:51 GMT" skipped="0">
  <testcase classname="com.ae.qa.testcasesTenantAdmin.WorkflowListPageTestTA" name="validateEditManualExecution" time="22.808"/>
</testsuite> <!-- com.ae.qa.testcasesTenantAdmin.WorkflowListPageTestTA -->
