<?xml version="1.0" encoding="UTF-8"?>
<!-- Generated by org.testng.reporters.JUnitReportReporter -->
<testsuite hostname="LPT-0919" failures="0" tests="1" name="com.ae.qa.testcases.SysadminPolicyPageTest" time="29.554" errors="0" timestamp="02 Jul 2021 11:38:41 GMT" skipped="0">
  <testcase classname="com.ae.qa.testcases.SysadminPolicyPageTest" name="validatePswdComplexityTest" time="29.554"/>
</testsuite> <!-- com.ae.qa.testcases.SysadminPolicyPageTest -->
